<?xml version="1.0" encoding="UTF-8"?>
<testsuite xmlns:xsi="http://www.w3.org/2001/XMLSchema-instance" xsi:noNamespaceSchemaLocation="https://maven.apache.org/surefire/maven-surefire-plugin/xsd/surefire-test-report-3.0.xsd" version="3.0" name="com.tradecore.engine.PartialFillTest" time="0.005" tests="1" errors="0" skipped="0" failures="0">
  <properties>
[...]
</properties>
  <testcase name="largeOrder_isPartiallyFilled" classname="com.tradecore.engine.PartialFillTest" time="0.003">
    <system-out><![CDATA[2026-04-29 21:21:37.469 [main] INFO  com.tradecore.engine.MatchingEngine - Order submitted: id=B1, symbol=AAPL, side=BUY, qty=100, price=150.0
2026-04-29 21:21:37.469 [main] INFO  com.tradecore.engine.MatchingEngine - Order submitted: id=S1, symbol=AAPL, side=SELL, qty=40, price=149.0
2026-04-29 21:21:37.469 [main] INFO  com.tradecore.engine.MatchingEngine - Trade executed: symbol=AAPL, qty=40, price=149.0, buyer=T1, seller=T2
]]></system-out>
  </testcase>
</testsuite>